<?xml version="1.0" encoding="UTF-8"?>
<!-- Generated by org.testng.reporters.JUnitReportReporter -->
<testsuite hostname="INLPF37C5VG" failures="0" tests="1" name="Orange.Tests.LoginTest" time="9.162" errors="0" timestamp="2024-01-22T15:59:34 IST" skipped="0">
  <testcase classname="Orange.Tests.LoginTest" name="loginTest" time="9.162"/>
</testsuite> <!-- Orange.Tests.LoginTest -->
