<?xml version="1.0" encoding="UTF-8"?>
<!-- Generated by org.testng.reporters.JUnitReportReporter -->
<testsuite hostname="INLPF37C5VG" failures="0" tests="1" name="ParaBank.Tests.AdminOrgLocationTest" time="33.650" errors="0" timestamp="2024-01-26T22:29:25 IST" skipped="0">
  <testcase classname="ParaBank.Tests.AdminOrgLocationTest" name="adminNewLocation" time="33.650"/>
</testsuite> <!-- ParaBank.Tests.AdminOrgLocationTest -->
