<?xml version="1.0" encoding="UTF-8"?>
<!-- Generated by org.testng.reporters.JUnitReportReporter -->
<testsuite hostname="INLPF37C5VG" failures="0" tests="1" name="Guru99.Tests.NewToursTest" time="26.360" errors="0" timestamp="2024-02-11T22:51:02 IST" skipped="0">
  <testcase classname="Guru99.Tests.NewToursTest" name="newTours" time="26.360"/>
</testsuite> <!-- Guru99.Tests.NewToursTest -->
