<?xml version="1.0" encoding="UTF-8"?>
<!-- Generated by org.testng.reporters.JUnitReportReporter -->
<testsuite hostname="INLPF37C5VG" failures="0" tests="1" name="ParaBank.Tests.LoginTest" time="8.567" errors="0" timestamp="2024-01-25T16:59:10 IST" skipped="0">
  <testcase classname="ParaBank.Tests.LoginTest" name="loginTest" time="8.567"/>
</testsuite> <!-- ParaBank.Tests.LoginTest -->
