<?xml version="1.0" encoding="UTF-8"?>
<!-- Generated by org.testng.reporters.JUnitReportReporter -->
<testsuite hostname="INLPF37C5VG" failures="0" tests="1" name="ParaBank.Tests.AdminJobTest" time="20.796" errors="0" timestamp="2024-01-26T00:56:58 IST" skipped="0">
  <testcase classname="ParaBank.Tests.AdminJobTest" name="adminJob" time="20.796"/>
</testsuite> <!-- ParaBank.Tests.AdminJobTest -->
