<?xml version="1.0" encoding="UTF-8"?>
<!-- Generated by org.testng.reporters.JUnitReportReporter -->
<testsuite hostname="INLPF37C5VG" failures="0" tests="1" name="ParaBank.Tests.PIMEmployeeTest" time="16.725" errors="0" timestamp="2024-01-27T23:10:13 IST" skipped="0">
  <testcase classname="ParaBank.Tests.PIMEmployeeTest" name="newEmployee" time="16.725"/>
</testsuite> <!-- ParaBank.Tests.PIMEmployeeTest -->
