<?xml version="1.0" encoding="UTF-8"?>
<!-- Generated by org.testng.reporters.JUnitReportReporter -->
<testsuite hostname="INLPF37C5VG" failures="0" tests="1" name="Guru99.Tests.TelecomAddCustmerTest" time="39.302" errors="0" timestamp="2024-02-13T22:32:38 IST" skipped="0">
  <testcase classname="Guru99.Tests.TelecomAddCustmerTest" name="addCustomer" time="39.302"/>
</testsuite> <!-- Guru99.Tests.TelecomAddCustmerTest -->
