<?xml version="1.0" encoding="UTF-8"?>
<!-- Generated by org.testng.reporters.JUnitReportReporter -->
<testsuite hostname="INLPF37C5VG" failures="0" tests="1" name="Guru99.Tests.NewToursTest" time="25.606" errors="0" timestamp="2024-02-08T22:36:41 IST" skipped="0">
  <testcase classname="Guru99.Tests.NewToursTest" name="newTours" time="25.606"/>
</testsuite> <!-- Guru99.Tests.NewToursTest -->
